t #0 size= 3, score= 4, time= 198, freq= 3, idset= [5, 0, 3]
v 0 0
v 1 3
v 2 1
e 0 1 1
e 0 2 1
t #1 size= 3, score= 4, time= 180, freq= 3, idset= [1, 6, 2]
v 0 2
v 1 3
v 2 4
e 0 1 1
e 1 2 1
t #2 size= 3, score= 3, time= 195, freq= 2, idset= [4, 7]
v 0 1
v 1 0
v 2 2
e 0 1 1
e 0 2 1
t #3 size= 3, score= 3, time= 165, freq= 2, idset= [6, 1]
v 0 0
v 1 3
v 2 2
e 0 1 1
e 1 2 1
t #4 size= 3, score= 3, time= 164, freq= 2, idset= [1, 6]
v 0 0
v 1 3
v 2 4
e 0 1 1
e 1 2 1
t #5 size= 3, score= 2, time= 21, freq= 2, idset= [3, 0]
v 0 4
v 1 0
v 2 1
e 0 1 1
e 0 2 1
e 1 2 1
t #6 size= 3, score= 3, time= 201, freq= 1, idset= [9]
v 0 4
v 1 1
v 2 0
e 0 1 1
e 0 2 1
t #7 size= 3, score= 3, time= 176, freq= 1, idset= [4]
v 0 1
v 1 0
v 2 4
e 0 1 1
e 1 2 1
t #8 size= 3, score= 2, time= 19, freq= 1, idset= [9]
v 0 2
v 1 1
v 2 0
e 0 1 1
e 0 2 1
t #9 size= 3, score= 2, time= 17, freq= 1, idset= [0]
v 0 3
v 1 4
v 2 1
e 0 1 1
e 1 2 1
